<?xml version="1.0" encoding="UTF-8"?>
<!-- Generated by org.testng.reporters.JUnitXMLReporter -->
<testsuite ignored="0" hostname="PINKYK" failures="0" tests="3" name="Default test" time="1.923" errors="0" timestamp="2024-04-02T18:00:20 IST">
  <testcase classname="ParameterisewithMultipleDataSet" name="addBook" time="1.607"/>
  <testcase classname="ParameterisewithMultipleDataSet" name="addBook" time="0.123"/>
  <testcase classname="ParameterisewithMultipleDataSet" name="addBook" time="0.106"/>
</testsuite> <!-- Default test -->
