-------------------------------------------------------------------------------
Test set: Cucumber.Options.TestRunner
-------------------------------------------------------------------------------
Tests run: 27, Failures: 8, Errors: 1, Skipped: 0, Time elapsed: 117.7 s <<< FAILURE! -- in Cucumber.Options.TestRunner
Validating Mandate Batch API.Verify Cancel Mandate Batch -- Time elapsed: 3.377 s <<< FAILURE!
java.lang.AssertionError: 
1 expectation failed.
Expected status code <200> but was <500>.

	at java.base/jdk.internal.reflect.DirectConstructorHandleAccessor.newInstance(DirectConstructorHandleAccessor.java:62)
	at java.base/java.lang.reflect.Constructor.newInstanceWithCaller(Constructor.java:502)
	at java.base/java.lang.reflect.Constructor.newInstance(Constructor.java:486)
	at org.codehaus.groovy.reflection.CachedConstructor.invoke(CachedConstructor.java:73)
	at org.codehaus.groovy.runtime.callsite.ConstructorSite$ConstructorSiteNoUnwrapNoCoerce.callConstructor(ConstructorSite.java:108)
	at org.codehaus.groovy.runtime.callsite.CallSiteArray.defaultCallConstructor(CallSiteArray.java:57)
	at org.codehaus.groovy.runtime.callsite.AbstractCallSite.callConstructor(AbstractCallSite.java:263)
	at org.codehaus.groovy.runtime.callsite.AbstractCallSite.callConstructor(AbstractCallSite.java:277)
	at io.restassured.internal.ResponseSpecificationImpl$HamcrestAssertionClosure.validate(ResponseSpecificationImpl.groovy:512)
	at io.restassured.internal.ResponseSpecificationImpl$HamcrestAssertionClosure$validate$1.call(Unknown Source)
	at io.restassured.internal.ResponseSpecificationImpl.validate(ResponseSpecificationImpl.groovy:101)
	at io.restassured.internal.ValidatableResponseOptionsImpl.spec(ValidatableResponseOptionsImpl.java:288)
	at StepDefinitions.MandatesAPIStepDefinitions.the_response_status_code_should_be(MandatesAPIStepDefinitions.java:99)
	at ✽.the response status code should be "200"(file:///C:/Users/bbdnet10211/eclipse-workspace/BOLAPIFramework/src/test/java/Feaures/MandateBatch.feature:45)

Validating Mandate Batch API.Verify 403 statuscode -- Time elapsed: 4.208 s <<< FAILURE!
java.lang.AssertionError: 
1 expectation failed.
Expected status code <403> but was <405>.

	at java.base/jdk.internal.reflect.DirectConstructorHandleAccessor.newInstance(DirectConstructorHandleAccessor.java:62)
	at java.base/java.lang.reflect.Constructor.newInstanceWithCaller(Constructor.java:502)
	at java.base/java.lang.reflect.Constructor.newInstance(Constructor.java:486)
	at org.codehaus.groovy.reflection.CachedConstructor.invoke(CachedConstructor.java:73)
	at org.codehaus.groovy.runtime.callsite.ConstructorSite$ConstructorSiteNoUnwrapNoCoerce.callConstructor(ConstructorSite.java:108)
	at org.codehaus.groovy.runtime.callsite.AbstractCallSite.callConstructor(AbstractCallSite.java:277)
	at io.restassured.internal.ResponseSpecificationImpl$HamcrestAssertionClosure.validate(ResponseSpecificationImpl.groovy:512)
	at io.restassured.internal.ResponseSpecificationImpl$HamcrestAssertionClosure$validate$1.call(Unknown Source)
	at io.restassured.internal.ResponseSpecificationImpl.validate(ResponseSpecificationImpl.groovy:101)
	at io.restassured.internal.ValidatableResponseOptionsImpl.spec(ValidatableResponseOptionsImpl.java:288)
	at StepDefinitions.MandatesAPIStepDefinitions.the_response_status_code_should_be(MandatesAPIStepDefinitions.java:99)
	at ✽.the response status code should be "403"(file:///C:/Users/bbdnet10211/eclipse-workspace/BOLAPIFramework/src/test/java/Feaures/MandateBatch.feature:55)

Validating Mandate Batch API.Verify 401 statuscode -- Time elapsed: 2.763 s <<< FAILURE!
java.lang.AssertionError: 
1 expectation failed.
Expected status code <401> but was <405>.

	at java.base/jdk.internal.reflect.DirectConstructorHandleAccessor.newInstance(DirectConstructorHandleAccessor.java:62)
	at java.base/java.lang.reflect.Constructor.newInstanceWithCaller(Constructor.java:502)
	at java.base/java.lang.reflect.Constructor.newInstance(Constructor.java:486)
	at org.codehaus.groovy.reflection.CachedConstructor.invoke(CachedConstructor.java:73)
	at org.codehaus.groovy.runtime.callsite.ConstructorSite$ConstructorSiteNoUnwrapNoCoerce.callConstructor(ConstructorSite.java:108)
	at org.codehaus.groovy.runtime.callsite.AbstractCallSite.callConstructor(AbstractCallSite.java:277)
	at io.restassured.internal.ResponseSpecificationImpl$HamcrestAssertionClosure.validate(ResponseSpecificationImpl.groovy:512)
	at io.restassured.internal.ResponseSpecificationImpl$HamcrestAssertionClosure$validate$1.call(Unknown Source)
	at io.restassured.internal.ResponseSpecificationImpl.validate(ResponseSpecificationImpl.groovy:101)
	at io.restassured.internal.ValidatableResponseOptionsImpl.spec(ValidatableResponseOptionsImpl.java:288)
	at StepDefinitions.MandatesAPIStepDefinitions.the_response_status_code_should_be(MandatesAPIStepDefinitions.java:99)
	at ✽.the response status code should be "401"(file:///C:/Users/bbdnet10211/eclipse-workspace/BOLAPIFramework/src/test/java/Feaures/MandateBatch.feature:64)

Validating Mandate Batch API.Verify 500 statuscode -- Time elapsed: 3.670 s <<< FAILURE!
java.lang.AssertionError: 
1 expectation failed.
Expected status code <500> but was <405>.

	at java.base/jdk.internal.reflect.DirectConstructorHandleAccessor.newInstance(DirectConstructorHandleAccessor.java:62)
	at java.base/java.lang.reflect.Constructor.newInstanceWithCaller(Constructor.java:502)
	at java.base/java.lang.reflect.Constructor.newInstance(Constructor.java:486)
	at org.codehaus.groovy.reflection.CachedConstructor.invoke(CachedConstructor.java:73)
	at org.codehaus.groovy.runtime.callsite.ConstructorSite$ConstructorSiteNoUnwrapNoCoerce.callConstructor(ConstructorSite.java:108)
	at org.codehaus.groovy.runtime.callsite.AbstractCallSite.callConstructor(AbstractCallSite.java:277)
	at io.restassured.internal.ResponseSpecificationImpl$HamcrestAssertionClosure.validate(ResponseSpecificationImpl.groovy:512)
	at io.restassured.internal.ResponseSpecificationImpl$HamcrestAssertionClosure$validate$1.call(Unknown Source)
	at io.restassured.internal.ResponseSpecificationImpl.validate(ResponseSpecificationImpl.groovy:101)
	at io.restassured.internal.ValidatableResponseOptionsImpl.spec(ValidatableResponseOptionsImpl.java:288)
	at StepDefinitions.MandatesAPIStepDefinitions.the_response_status_code_should_be(MandatesAPIStepDefinitions.java:99)
	at ✽.the response status code should be "500"(file:///C:/Users/bbdnet10211/eclipse-workspace/BOLAPIFramework/src/test/java/Feaures/MandateBatch.feature:73)

Validating Mandate Interchange API.Verify that 403 statuscode -- Time elapsed: 4.245 s <<< FAILURE!
java.lang.AssertionError: 
1 expectation failed.
Expected status code <403> but was <200>.

	at java.base/jdk.internal.reflect.DirectConstructorHandleAccessor.newInstance(DirectConstructorHandleAccessor.java:62)
	at java.base/java.lang.reflect.Constructor.newInstanceWithCaller(Constructor.java:502)
	at java.base/java.lang.reflect.Constructor.newInstance(Constructor.java:486)
	at org.codehaus.groovy.reflection.CachedConstructor.invoke(CachedConstructor.java:73)
	at org.codehaus.groovy.runtime.callsite.ConstructorSite$ConstructorSiteNoUnwrapNoCoerce.callConstructor(ConstructorSite.java:108)
	at org.codehaus.groovy.runtime.callsite.AbstractCallSite.callConstructor(AbstractCallSite.java:277)
	at io.restassured.internal.ResponseSpecificationImpl$HamcrestAssertionClosure.validate(ResponseSpecificationImpl.groovy:512)
	at io.restassured.internal.ResponseSpecificationImpl$HamcrestAssertionClosure$validate$1.call(Unknown Source)
	at io.restassured.internal.ResponseSpecificationImpl.validate(ResponseSpecificationImpl.groovy:101)
	at io.restassured.internal.ValidatableResponseOptionsImpl.spec(ValidatableResponseOptionsImpl.java:288)
	at StepDefinitions.MandatesAPIStepDefinitions.the_response_status_code_should_be(MandatesAPIStepDefinitions.java:99)
	at ✽.the response status code should be "403"(file:///C:/Users/bbdnet10211/eclipse-workspace/BOLAPIFramework/src/test/java/Feaures/MandateInterchange.feature:78)

Validating Upload Mandate File API.Verify Upload Mandate File API -- Time elapsed: 7.054 s <<< FAILURE!
java.lang.AssertionError: 
1 expectation failed.
Expected status code <200> but was <401>.

	at java.base/jdk.internal.reflect.DirectConstructorHandleAccessor.newInstance(DirectConstructorHandleAccessor.java:62)
	at java.base/java.lang.reflect.Constructor.newInstanceWithCaller(Constructor.java:502)
	at java.base/java.lang.reflect.Constructor.newInstance(Constructor.java:486)
	at org.codehaus.groovy.reflection.CachedConstructor.invoke(CachedConstructor.java:73)
	at org.codehaus.groovy.runtime.callsite.ConstructorSite$ConstructorSiteNoUnwrapNoCoerce.callConstructor(ConstructorSite.java:108)
	at org.codehaus.groovy.runtime.callsite.AbstractCallSite.callConstructor(AbstractCallSite.java:277)
	at io.restassured.internal.ResponseSpecificationImpl$HamcrestAssertionClosure.validate(ResponseSpecificationImpl.groovy:512)
	at io.restassured.internal.ResponseSpecificationImpl$HamcrestAssertionClosure$validate$1.call(Unknown Source)
	at io.restassured.internal.ResponseSpecificationImpl.validate(ResponseSpecificationImpl.groovy:101)
	at io.restassured.internal.ValidatableResponseOptionsImpl.spec(ValidatableResponseOptionsImpl.java:288)
	at StepDefinitions.MandatesAPIStepDefinitions.the_response_status_code_should_be(MandatesAPIStepDefinitions.java:99)
	at ✽.the response status code should be "200"(file:///C:/Users/bbdnet10211/eclipse-workspace/BOLAPIFramework/src/test/java/Feaures/UploadMandateFile.feature:7)

Validating Upload Mandate File API.Verify 204 statuscode -- Time elapsed: 3.476 s <<< ERROR!
java.lang.IllegalArgumentException: Unsupported status code: 204
	at Resources.Utils.responseSpecifications(Utils.java:96)
	at StepDefinitions.MandatesAPIStepDefinitions.the_response_status_code_should_be(MandatesAPIStepDefinitions.java:99)
	at ✽.the response status code should be "204"(file:///C:/Users/bbdnet10211/eclipse-workspace/BOLAPIFramework/src/test/java/Feaures/UploadMandateFile.feature:13)

Validating Upload Mandate File API.Verify 403 statuscode -- Time elapsed: 3.197 s <<< FAILURE!
java.lang.AssertionError: 
1 expectation failed.
Expected status code <403> but was <401>.

	at java.base/jdk.internal.reflect.DirectConstructorHandleAccessor.newInstance(DirectConstructorHandleAccessor.java:62)
	at java.base/java.lang.reflect.Constructor.newInstanceWithCaller(Constructor.java:502)
	at java.base/java.lang.reflect.Constructor.newInstance(Constructor.java:486)
	at org.codehaus.groovy.reflection.CachedConstructor.invoke(CachedConstructor.java:73)
	at org.codehaus.groovy.runtime.callsite.ConstructorSite$ConstructorSiteNoUnwrapNoCoerce.callConstructor(ConstructorSite.java:108)
	at org.codehaus.groovy.runtime.callsite.AbstractCallSite.callConstructor(AbstractCallSite.java:277)
	at io.restassured.internal.ResponseSpecificationImpl$HamcrestAssertionClosure.validate(ResponseSpecificationImpl.groovy:512)
	at io.restassured.internal.ResponseSpecificationImpl$HamcrestAssertionClosure$validate$1.call(Unknown Source)
	at io.restassured.internal.ResponseSpecificationImpl.validate(ResponseSpecificationImpl.groovy:101)
	at io.restassured.internal.ValidatableResponseOptionsImpl.spec(ValidatableResponseOptionsImpl.java:288)
	at StepDefinitions.MandatesAPIStepDefinitions.the_response_status_code_should_be(MandatesAPIStepDefinitions.java:99)
	at ✽.the response status code should be "403"(file:///C:/Users/bbdnet10211/eclipse-workspace/BOLAPIFramework/src/test/java/Feaures/UploadMandateFile.feature:19)

Validating Upload Mandate File API.Verify 500 statuscode -- Time elapsed: 3.819 s <<< FAILURE!
java.lang.AssertionError: 
1 expectation failed.
Expected status code <500> but was <401>.

	at java.base/jdk.internal.reflect.DirectConstructorHandleAccessor.newInstance(DirectConstructorHandleAccessor.java:62)
	at java.base/java.lang.reflect.Constructor.newInstanceWithCaller(Constructor.java:502)
	at java.base/java.lang.reflect.Constructor.newInstance(Constructor.java:486)
	at org.codehaus.groovy.reflection.CachedConstructor.invoke(CachedConstructor.java:73)
	at org.codehaus.groovy.runtime.callsite.ConstructorSite$ConstructorSiteNoUnwrapNoCoerce.callConstructor(ConstructorSite.java:108)
	at org.codehaus.groovy.runtime.callsite.AbstractCallSite.callConstructor(AbstractCallSite.java:277)
	at io.restassured.internal.ResponseSpecificationImpl$HamcrestAssertionClosure.validate(ResponseSpecificationImpl.groovy:512)
	at io.restassured.internal.ResponseSpecificationImpl$HamcrestAssertionClosure$validate$1.call(Unknown Source)
	at io.restassured.internal.ResponseSpecificationImpl.validate(ResponseSpecificationImpl.groovy:101)
	at io.restassured.internal.ValidatableResponseOptionsImpl.spec(ValidatableResponseOptionsImpl.java:288)
	at StepDefinitions.MandatesAPIStepDefinitions.the_response_status_code_should_be(MandatesAPIStepDefinitions.java:99)
	at ✽.the response status code should be "500"(file:///C:/Users/bbdnet10211/eclipse-workspace/BOLAPIFramework/src/test/java/Feaures/UploadMandateFile.feature:34)

