<?xml version="1.0" encoding="UTF-8"?>
<testsuite xmlns:xsi="http://www.w3.org/2001/XMLSchema-instance" xsi:noNamespaceSchemaLocation="https://maven.apache.org/surefire/maven-surefire-plugin/xsd/surefire-test-report-3.0.xsd" version="3.0" name="Cucumber.Options.TestRunner" time="26.4" tests="7" errors="0" skipped="0" failures="0">
  <properties>
[...]
</properties>
  <testcase name="Verify that Mandate Interchange are successfully created using Create Mandate Intercahnege API" classname="Validating Mandate Interchange API" time="7.827">
    <system-out><![CDATA[accessToken = eyJhbGciOiJSUzI1NiIsImtpZCI6ImRpZC0xIiwicGkuYXRtIjoieHkwaCJ9.eyJzY3AiOltdLCJhdXRob3JpemF0aW9uX2RldGFpbHMiOltdLCJjbGllbnRfaWQiOiIwYzdiNzA4Yi1kMTE1LTQ5NTUtODY4Zi1hZjM0ZGQwMTAxMmYiLCJpc3MiOiJodHRwczovL2VudGVycHJpc2VzdHNzaXQuc3RhbmRhcmRiYW5rLmNvLnphIiwianRpIjoiR3dQOGp5ZWw2Wm1nYmxDTXNTM1BRMSIsInN1YiI6IjBjN2I3MDhiLWQxMTUtNDk1NS04NjhmLWFmMzRkZDAxMDEyZiIsIm5iZiI6MTcxNDk5MDM2MCwiaWQiOiIwYzdiNzA4Yi1kMTE1LTQ5NTUtODY4Zi1hZjM0ZGQwMTAxMmYiLCJpYXQiOjE3MTQ5OTAzNjAsImV4cCI6MTcxNDk5Mzk2MH0.NMxixkNLkr9JV7izCQDW9iGLe52EIaQzd_5qXF_kJ1nmt0zuNG876EyjNPbp-gV3LyWHakK4yECdn8rzBa1QB17d-Bg0iTOuiF19mI_Uq5kn-FgTLJAOplNqW2DZBEMXuVuFo44eh_syUi9KiCdBsLOLApohd5yHa4AxYIt0t0fJ_udgrynvMy7G2xCws6v7hfDR2byf1X9HrgVNXMcxyBaZrAwgpyayMy8obUYLrbudr8c_gcPGfzX1N7UdQTh7xpbk2msqL87M_58qN91ExARmYi1MLucLLCiktu8LgQ53iuRSG_lgU5VsHj8rmWOGUxQnA8YoeOzekE76sY147Q


]]></system-out>
  </testcase>
  <testcase name="Verify that user can retrieve the Mandate Interchange using mandateInterchangeKey" classname="Validating Mandate Interchange API" time="3.164"/>
  <testcase name="Verify that user can retrieve the Mandate Interchange with query parameters" classname="Validating Mandate Interchange API" time="3.142"/>
  <testcase name="Verify that Mandate Interchange is successfully updated using PUT request to updateMandateInterchangeAPI" classname="Validating Mandate Interchange API" time="2.65"/>
  <testcase name="Verify that 404 statuscode is displayed on GET request for getMandateInterchangeWithQueryParamsAPI when no data found" classname="Validating Mandate Interchange API" time="3.295"/>
  <testcase name="Verify that 404 statuscode is displayed on GET request for getMandateInterchangeWithKeyAPI when no data found" classname="Validating Mandate Interchange API" time="2.837"/>
  <testcase name="Verify that GET request to getMandateInterchangeWithQueryParamsAPI with incorrect query params returns 500 statuscode" classname="Validating Mandate Interchange API" time="3.025"/>
</testsuite>