<?xml version="1.0" encoding="UTF-8"?>
<testsuite xmlns:xsi="http://www.w3.org/2001/XMLSchema-instance" xsi:noNamespaceSchemaLocation="https://maven.apache.org/surefire/maven-surefire-plugin/xsd/surefire-test-report-3.0.xsd" version="3.0" name="Cucumber.Options.TestRunner" time="25.933" tests="5" errors="0" skipped="0" failures="1">
  <properties>
[...]
</properties>
  <testcase name="Verify that Mandate Interchange are successfully created using Create Mandate Intercahnege API" classname="Validating Mandate Interchange API" time="10.446">
    <system-out><![CDATA[accessToken = eyJhbGciOiJSUzI1NiIsImtpZCI6ImRpZC0xIiwicGkuYXRtIjoieHkwaCJ9.eyJzY3AiOltdLCJhdXRob3JpemF0aW9uX2RldGFpbHMiOltdLCJjbGllbnRfaWQiOiIwYzdiNzA4Yi1kMTE1LTQ5NTUtODY4Zi1hZjM0ZGQwMTAxMmYiLCJpc3MiOiJodHRwczovL2VudGVycHJpc2VzdHNzaXQuc3RhbmRhcmRiYW5rLmNvLnphIiwianRpIjoiTzg3WFJnNlQ1RmN0MWNTeERtUWRTRiIsInN1YiI6IjBjN2I3MDhiLWQxMTUtNDk1NS04NjhmLWFmMzRkZDAxMDEyZiIsIm5iZiI6MTcxNDUwNzM2NywiaWQiOiIwYzdiNzA4Yi1kMTE1LTQ5NTUtODY4Zi1hZjM0ZGQwMTAxMmYiLCJpYXQiOjE3MTQ1MDczNjcsImV4cCI6MTcxNDUxMDk2N30.hyZw9UCtg4JM3XcvNPwUcXIHU4T8eInWMbOFdAYnLZTvBjhfRY3Gn_k_fxTg_1G-95GndEFgtV5Hb0EA93-hDhqTVT3ILDiFniGBKFx0LV4CZQ2hAZMzRvAw1NwlzS32xXgqLQ-iJjUdT4nxrv7txXTKPt4vv_cuGRwbF9D6TspWBnb6F-2gF5J20-Z6iEF8Swnp1iccAgOtk-a941npD8zVzm8uATotAOyQ6EdkWAwKm5Zcu4WdYXeu7xtYu0QPlW7BmRh7vAtAVVEL78_fvQEtiGXAaKUxEvQIj7eDvNHPxrnz5DGiV9CXDq-O3C_i_MTOGh_wauGvCiLiVbrDEg


]]></system-out>
  </testcase>
  <testcase name="Verify that user can retrieve the Mandate Interchange using mandateInterchangeKey" classname="Validating Mandate Interchange API" time="4.475"/>
  <testcase name="Verify that user can retrieve the Mandate Interchange with query parameters" classname="Validating Mandate Interchange API" time="3.22">
    <failure message="expected:&lt;[[null, null, null, null, null, null, null, null, null, null, null, null, null, null, null]]&gt; but was:&lt;[19]&gt;" type="org.junit.ComparisonFailure"><![CDATA[org.junit.ComparisonFailure: expected:<[[null, null, null, null, null, null, null, null, null, null, null, null, null, null, null]]]]><![CDATA[> but was:<[19]>
	at org.junit.Assert.assertEquals(Assert.java:117)
	at org.junit.Assert.assertEquals(Assert.java:146)
	at StepDefinitions.MandatesAPIStepDefinitions.in_response_body_should_be_same_as(MandatesAPIStepDefinitions.java:99)
	at ✽."customerkey" in response body should be same as "19"(file:///C:/Users/bbdnet10211/eclipse-workspace/BOLAPIFramework/src/test/java/Feaures/MandateInterchange.feature:28)
]]></failure>
  </testcase>
  <testcase name="Verify that 404 statuscode is displayed on GET request for getMandateInterchangeWithQueryParamsAPI when no data found" classname="Validating Mandate Interchange API" time="3.313"/>
  <testcase name="Verify that 404 statuscode is displayed on GET request for getMandateInterchangeWithKeyAPI when no data found" classname="Validating Mandate Interchange API" time="4.009"/>
</testsuite>