<?xml version="1.0" encoding="UTF-8"?>
<testng-results ignored="0" total="3" passed="3" failed="0" skipped="0">
  <reporter-output>
  </reporter-output>
  <suite started-at="2024-04-02T18:00:18 IST" name="Default suite" finished-at="2024-04-02T18:00:20 IST" duration-ms="1923">
    <groups>
    </groups>
    <test started-at="2024-04-02T18:00:18 IST" name="Default test" finished-at="2024-04-02T18:00:20 IST" duration-ms="1923">
      <class name="ParameterisewithMultipleDataSet">
        <test-method signature="addBook(java.lang.String,java.lang.String)[pri:0, instance:ParameterisewithMultipleDataSet@106cc338]" started-at="2024-04-02T18:00:18 IST" name="addBook" data-provider="data-provider" finished-at="2024-04-02T18:00:20 IST" duration-ms="1607" status="PASS">
          <params>
            <param index="0">
              <value>
                <![CDATA[245]]>
              </value>
            </param>
            <param index="1">
              <value>
                <![CDATA[testISBN1]]>
              </value>
            </param>
          </params>
          <reporter-output>
          </reporter-output>
        </test-method> <!-- addBook -->
        <test-method signature="addBook(java.lang.String,java.lang.String)[pri:0, instance:ParameterisewithMultipleDataSet@106cc338]" started-at="2024-04-02T18:00:20 IST" name="addBook" data-provider="data-provider" finished-at="2024-04-02T18:00:20 IST" duration-ms="123" status="PASS">
          <params>
            <param index="0">
              <value>
                <![CDATA[21230]]>
              </value>
            </param>
            <param index="1">
              <value>
                <![CDATA[testISBN2]]>
              </value>
            </param>
          </params>
          <reporter-output>
          </reporter-output>
        </test-method> <!-- addBook -->
        <test-method signature="addBook(java.lang.String,java.lang.String)[pri:0, instance:ParameterisewithMultipleDataSet@106cc338]" started-at="2024-04-02T18:00:20 IST" name="addBook" data-provider="data-provider" finished-at="2024-04-02T18:00:20 IST" duration-ms="106" status="PASS">
          <params>
            <param index="0">
              <value>
                <![CDATA[454545]]>
              </value>
            </param>
            <param index="1">
              <value>
                <![CDATA[testISBN3]]>
              </value>
            </param>
          </params>
          <reporter-output>
          </reporter-output>
        </test-method> <!-- addBook -->
      </class> <!-- ParameterisewithMultipleDataSet -->
    </test> <!-- Default test -->
  </suite> <!-- Default suite -->
</testng-results>
